Log file open, 04/08/18 21:37:24
LogInit:Display: Running engine for game: RazzleDazzle
LogPlatformFile: Not using cached read wrapper
LogInit:Display: RandInit(-9080711) SRandInit(-9080711).
LogTaskGraph: Started task graph with 5 named threads and 8 total threads with 1 sets of task threads.
LogStats: Stats thread started at 0.093341
LogInit: Using libcurl 7.47.1
LogInit:  - built for x86_64-pc-win32
LogInit:  - supports SSL with OpenSSL/1.0.2g
LogInit:  - supports HTTP deflate (compression) using libz 1.2.8
LogInit:  - other features:
LogInit:      CURL_VERSION_SSL
LogInit:      CURL_VERSION_LIBZ
LogInit:      CURL_VERSION_IPV6
LogInit:      CURL_VERSION_ASYNCHDNS
LogInit:      CURL_VERSION_LARGEFILE
LogInit:      CURL_VERSION_IDN
LogInit:  CurlRequestOptions (configurable via config and command line):
LogInit:  - bVerifyPeer = false  - Libcurl will NOT verify peer certificate
LogInit:  - bUseHttpProxy = false  - Libcurl will NOT use HTTP proxy
LogInit:  - bDontReuseConnections = false  - Libcurl will reuse connections
LogInit:  - CertBundlePath = nullptr  - Libcurl will use whatever was configured at build time.
LogInit: Build: ++UE4+Release-4.16-CL-3561208
LogInit: Engine Version: 4.16.3-3561208+++UE4+Release-4.16
LogInit: Compatible Engine Version: 4.16.0-3452394+++UE4+Release-4.16
LogInit: Net CL: 3452394
LogDevObjectVersion: Number of dev versions registered: 16
LogDevObjectVersion:   Dev-Blueprints (B0D832E4-1F89-4F0D-ACCF-7EB736FD4AA2): 9
LogDevObjectVersion:   Dev-Build (E1C64328-A22C-4D53-A36C-8E866417BD8C): 0
LogDevObjectVersion:   Dev-Core (375EC13C-06E4-48FB-B500-84F0262A717E): 2
LogDevObjectVersion:   Dev-Editor (E4B068ED-F494-42E9-A231-DA0B2E46BB41): 17
LogDevObjectVersion:   Dev-Framework (CFFC743F-43B0-4480-9391-14DF171D2073): 23
LogDevObjectVersion:   Dev-Mobile (B02B49B5-BB20-44E9-A304-32B752E40360): 0
LogDevObjectVersion:   Dev-Networking (A4E4105C-59A1-49B5-A7C5-40C4547EDFEE): 0
LogDevObjectVersion:   Dev-Online (39C831C9-5AE6-47DC-9A44-9C173E1C8E7C): 0
LogDevObjectVersion:   Dev-Physics (78F01B33-EBEA-4F98-B9B4-84EACCB95AA2): 0
LogDevObjectVersion:   Dev-Platform (6631380F-2D4D-43E0-8009-CF276956A95A): 0
LogDevObjectVersion:   Dev-Rendering (12F88B9F-8875-4AFC-A67C-D90C383ABD29): 15
LogDevObjectVersion:   Dev-Sequencer (7B5AE74C-D270-4C10-A958-57980B212A5A): 4
LogDevObjectVersion:   Dev-VR (D7296918-1DD6-4BDD-9DE2-64A83CC13884): 0
LogDevObjectVersion:   Dev-LoadTimes (C2A15278-BFE7-4AFE-6C17-90FF531DF755): 1
LogDevObjectVersion:   Private-Geometry (6EACA3D4-40EC-4CC1-B786-8BED09428FC5): 1
LogDevObjectVersion:   Dev-AnimPhys (29E575DD-E0A3-4627-9D10-D276232CDCEA): 3
LogInit: Compiled (64-bit): Jul 28 2017 11:49:47
LogInit: Compiled with Visual C++: 19.00.24215.01
LogInit: Build Configuration: Development
LogInit: Branch Name: ++UE4+Release-4.16
LogInit: Command line:  
LogInit: Base directory: C:/Program Files/Epic Games/UE_4.16/Engine/Binaries/Win64/
LogInit: Installed Engine Build: 1
LogInit: Presizing for max 8388607 objects, including 0 objects not considered by GC, pre-allocating 0 bytes for permanent pool.
LogInit: Object subsystem initialized
[2018.04.08-20.37.24:936][  0]LogInit: Selected Device Profile: [Windows]
[2018.04.08-20.37.24:936][  0]LogInit: Applying CVar settings loaded from the selected device profile: [Windows]
[2018.04.08-20.37.24:945][  0]LogInit: Computer: DESKTOP-OB5JVCB
[2018.04.08-20.37.24:945][  0]LogInit: User: Archie
[2018.04.08-20.37.24:945][  0]LogInit: CPU Page size=4096, Cores=4
[2018.04.08-20.37.24:945][  0]LogInit: High frequency timer resolution =3.906245 MHz
[2018.04.08-20.37.24:946][  0]LogMemory: Memory total: Physical=31.9GB (32GB approx)
[2018.04.08-20.37.24:946][  0]LogMemory: Platform Memory Stats for Windows
[2018.04.08-20.37.24:946][  0]LogMemory: Process Physical Memory: 273.24 MB used, 273.24 MB peak
[2018.04.08-20.37.24:946][  0]LogMemory: Process Virtual Memory: 262.80 MB used, 262.80 MB peak
[2018.04.08-20.37.24:946][  0]LogMemory: Physical Memory: 11082.66 MB used,  21546.05 MB free, 32628.72 MB total
[2018.04.08-20.37.24:946][  0]LogMemory: Virtual Memory: 659.48 MB used,  21546.05 MB free, 134217728.00 MB total
[2018.04.08-20.37.25:028][  0]LogInit: Using OS detected language (en-US).
[2018.04.08-20.37.25:028][  0]LogInit: Using OS detected locale (en-GB).
[2018.04.08-20.37.25:034][  0]LogTextLocalizationManager: No specific localization for 'en-US' exists, so the 'en' localization will be used.
[2018.04.08-20.37.25:984][  0]LogD3D11RHI: D3D11 adapters:
[2018.04.08-20.37.26:042][  0]LogD3D11RHI:    0. 'NVIDIA GeForce GTX 1070' (Feature Level 11_0)
[2018.04.08-20.37.26:042][  0]LogD3D11RHI:       8088/0/16314 MB DedicatedVideo/DedicatedSystem/SharedSystem, Outputs:2, VendorId:0x10de
[2018.04.08-20.37.26:051][  0]LogD3D11RHI:    1. 'Intel(R) HD Graphics 4600' (Feature Level 11_0)
[2018.04.08-20.37.26:051][  0]LogD3D11RHI:       112/0/2048 MB DedicatedVideo/DedicatedSystem/SharedSystem, Outputs:0, VendorId:0x8086
[2018.04.08-20.37.26:053][  0]LogD3D11RHI:    2. 'Microsoft Basic Render Driver' (Feature Level 11_0)
[2018.04.08-20.37.26:053][  0]LogD3D11RHI:       0/0/16314 MB DedicatedVideo/DedicatedSystem/SharedSystem, Outputs:0, VendorId:0x1414
[2018.04.08-20.37.26:053][  0]LogD3D11RHI: Chosen D3D11 Adapter: 0
[2018.04.08-20.37.26:061][  0]LogD3D11RHI: Creating new Direct3DDevice
[2018.04.08-20.37.26:061][  0]LogD3D11RHI:     GPU DeviceId: 0x1b81 (for the marketing name, search the web for "GPU Device Id")
[2018.04.08-20.37.26:061][  0]LogWindows: EnumDisplayDevices:
[2018.04.08-20.37.26:061][  0]LogWindows:    0. 'NVIDIA GeForce GTX 1070' (P:1 D:1)
[2018.04.08-20.37.26:061][  0]LogWindows:    1. 'NVIDIA GeForce GTX 1070' (P:0 D:1)
[2018.04.08-20.37.26:061][  0]LogWindows:    2. 'NVIDIA GeForce GTX 1070' (P:0 D:0)
[2018.04.08-20.37.26:062][  0]LogWindows:    3. 'NVIDIA GeForce GTX 1070' (P:0 D:0)
[2018.04.08-20.37.26:062][  0]LogWindows:    4. 'Intel(R) HD Graphics 4600' (P:0 D:0)
[2018.04.08-20.37.26:062][  0]LogWindows:    5. 'Intel(R) HD Graphics 4600' (P:0 D:0)
[2018.04.08-20.37.26:062][  0]LogWindows:    6. 'Intel(R) HD Graphics 4600' (P:0 D:0)
[2018.04.08-20.37.26:062][  0]LogWindows: DebugString: GetVideoDriverDetailsInvalid PrimaryIsNotTheChoosenAdapter GetVideoDriverDetailsInvalid PrimaryIsNotTheChoosenAdapter GetVideoDriverDetailsInvalid PrimaryIsNotTheChoosenAdapter GetVideoDriverDetailsInvalid PrimaryIsNotTheChoosenAdapter GetVideoDriverDetailsInvalid PrimaryIsNotTheChoosenAdapter GetVideoDriverDetailsInvalid PrimaryIsNotTheChoosenAdapter GetVideoDriverDetailsInvalid PrimaryIsNotTheChoosenAdapter FoundDriverCount:0 
[2018.04.08-20.37.26:062][  0]LogD3D11RHI:     Adapter Name: NVIDIA GeForce GTX 1070
[2018.04.08-20.37.26:062][  0]LogD3D11RHI:   Driver Version: Unknown (internal:Unknown, unified:Unknown)
[2018.04.08-20.37.26:062][  0]LogD3D11RHI:      Driver Date: Unknown
[2018.04.08-20.37.26:062][  0]LogRHI: Texture pool is 1361 MB (70% of 1945 MB)
[2018.04.08-20.37.26:093][  0]LogD3D11RHI: Async texture creation enabled
[2018.04.08-20.37.26:126][  0]LogD3D11RHI: GPU Timing Frequency: 1000.000000 (Debug: 2 2)
[2018.04.08-20.37.26:172][  0]LogShaderCompilers: Guid format shader working directory is -33 characters bigger than the processId version (../../../../../../Users/Archie/Documents/Unreal Projects/GitRazDaz/RazzleDazzle/Intermediate/Shaders/WorkingDirectory/13960/).
[2018.04.08-20.37.26:172][  0]LogShaderCompilers: Cleaned the shader compiler working directory 'C:/Users/Archie/AppData/Local/Temp/UnrealShaderWorkingDir/CE7D9DBE40FDEC5CE7F6248989EF0246/'.
[2018.04.08-20.37.26:172][  0]LogShaderCompilers:Display: Using Local Shader Compiler.
[2018.04.08-20.37.27:221][  0]LogTemp:Display: Loaded TP AllDesktopTargetPlatform
[2018.04.08-20.37.27:274][  0]LogTemp:Display: Loaded TP MacClientTargetPlatform
[2018.04.08-20.37.27:339][  0]LogTemp:Display: Loaded TP MacNoEditorTargetPlatform
[2018.04.08-20.37.27:425][  0]LogTemp:Display: Loaded TP MacServerTargetPlatform
[2018.04.08-20.37.27:502][  0]LogTemp:Display: Loaded TP MacTargetPlatform
[2018.04.08-20.37.27:577][  0]LogTemp:Display: Loaded TP WindowsClientTargetPlatform
[2018.04.08-20.37.27:638][  0]LogTemp:Display: Loaded TP WindowsNoEditorTargetPlatform
[2018.04.08-20.37.27:695][  0]LogTemp:Display: Loaded TP WindowsServerTargetPlatform
[2018.04.08-20.37.27:746][  0]LogTemp:Display: Loaded TP WindowsTargetPlatform
[2018.04.08-20.37.27:804][  0]LogTemp:Display: Loaded TP AndroidTargetPlatform
[2018.04.08-20.37.27:853][  0]LogTemp:Display: Loaded TP Android_ASTCTargetPlatform
[2018.04.08-20.37.27:905][  0]LogTemp:Display: Loaded TP Android_ATCTargetPlatform
[2018.04.08-20.37.27:970][  0]LogTemp:Display: Loaded TP Android_DXTTargetPlatform
[2018.04.08-20.37.28:031][  0]LogTemp:Display: Loaded TP Android_ETC1TargetPlatform
[2018.04.08-20.37.28:090][  0]LogTemp:Display: Loaded TP Android_ETC2TargetPlatform
[2018.04.08-20.37.28:205][  0]LogTemp:Display: Loaded TP Android_MultiTargetPlatform
[2018.04.08-20.37.28:205][  0]LogTemp:Display: Loaded TP Android_PVRTCTargetPlatform
[2018.04.08-20.37.28:248][  0]LogTemp:Display: Loaded TP HTML5TargetPlatform
[2018.04.08-20.37.28:352][  0]LogTemp:Display: Loaded TP IOSTargetPlatform
[2018.04.08-20.37.28:384][  0]LogTemp:Display: Loaded TP TVOSTargetPlatform
[2018.04.08-20.37.28:440][  0]LogTemp:Display: Loaded TP LinuxClientTargetPlatform
[2018.04.08-20.37.28:495][  0]LogTemp:Display: Loaded TP LinuxNoEditorTargetPlatform
[2018.04.08-20.37.28:554][  0]LogTemp:Display: Loaded TP LinuxServerTargetPlatform
[2018.04.08-20.37.28:616][  0]LogTemp:Display: Loaded TP LinuxTargetPlatform
[2018.04.08-20.37.28:616][  0]LogTargetPlatformManager:Display: Building Assets For Windows
[2018.04.08-20.37.29:174][  0]LogDerivedDataCache:Display: Max Cache Size: 512 MB
[2018.04.08-20.37.29:564][  0]LogDerivedDataCache: Loaded boot cache 0.39s 94MB C:/Users/Archie/AppData/Local/UnrealEngine/4.16/DerivedDataCache/Boot.ddc.
[2018.04.08-20.37.29:564][  0]LogDerivedDataCache:Display: Loaded Boot cache: C:/Users/Archie/AppData/Local/UnrealEngine/4.16/DerivedDataCache/Boot.ddc
[2018.04.08-20.37.29:565][  0]LogDerivedDataCache: FDerivedDataBackendGraph:  Pak pak cache file ../../../../../../Users/Archie/Documents/Unreal Projects/GitRazDaz/RazzleDazzle/DerivedDataCache/DDC.ddp not found, will not use a pak cache.
[2018.04.08-20.37.29:565][  0]LogDerivedDataCache: Unable to find inner node Pak for hierarchical cache Hierarchy.
[2018.04.08-20.37.29:565][  0]LogDerivedDataCache: FDerivedDataBackendGraph:  CompressedPak pak cache file ../../../../../../Users/Archie/Documents/Unreal Projects/GitRazDaz/RazzleDazzle/DerivedDataCache/Compressed.ddp not found, will not use a pak cache.
[2018.04.08-20.37.29:565][  0]LogDerivedDataCache: Unable to find inner node CompressedPak for hierarchical cache Hierarchy.
[2018.04.08-20.37.29:582][  0]LogDerivedDataCache:Display: Pak cache opened for reading ../../../Engine/DerivedDataCache/Compressed.ddp.
[2018.04.08-20.37.29:595][  0]LogDerivedDataCache: Using Local data cache path C:/Users/Archie/AppData/Local/UnrealEngine/Common/DerivedDataCache: Writable
[2018.04.08-20.37.29:603][  0]LogMaterial: Verifying Global Shaders for PCD3D_SM5
[2018.04.08-20.37.29:603][  0]LogSlate: Using Freetype 2.6.0
[2018.04.08-20.37.29:605][  0]LogSlate: SlateFontCache - WITH_FREETYPE: 1, WITH_HARFBUZZ: 1
[2018.04.08-20.37.29:605][  0]LogSlate: SlateFontCache - WITH_FREETYPE: 1, WITH_HARFBUZZ: 1
[2018.04.08-20.37.30:092][  0]LogInit: Selected Device Profile: [Windows]
[2018.04.08-20.37.30:183][  0]LogContentStreaming: Texture pool size is 0.00 MB
[2018.04.08-20.37.30:379][  0]LogMeshUtilities: Using QuadricMeshReduction for automatic static mesh reduction
[2018.04.08-20.37.30:434][  0]LogSimplygon: Simplygon DLL not present - disabling.
[2018.04.08-20.37.30:486][  0]LogMeshUtilities: Using SimplygonSwarm for distributed automatic mesh merging
[2018.04.08-20.37.30:486][  0]LogMeshUtilities: No automatic skeletal mesh reduction module available
[2018.04.08-20.37.30:486][  0]LogMeshUtilities: No automatic mesh merging module available
[2018.04.08-20.37.31:086][  0]LogNetVersion: RazzleDazzle , NetCL: 3452394, EngineNetVer: 2, GameNetVer: 0 (Checksum: 1402782671)
[2018.04.08-20.37.31:151][  0]LogAssetRegistry: FAssetRegistry took 0.0255 seconds to start up
[2018.04.08-20.37.31:229][  0]LogPackageLocalizationCache: Processed 4 localized package path(s) for 2 prioritized culture(s) in 0.050837 seconds
[2018.04.08-20.37.31:234][  0]LogUObjectArray: 34194 objects as part of root set at end of initial load.
[2018.04.08-20.37.31:234][  0]LogUObjectAllocator: 7260416 out of 0 bytes used by permanent object pool.
[2018.04.08-20.37.31:234][  0]LogUObjectArray: CloseDisregardForGC: 0/0 objects in disregard for GC pool
[2018.04.08-20.37.31:299][  0]LogInit: WinSock: version 1.1 (2.2), MaxSocks=32767, MaxUdp=65467
[2018.04.08-20.37.34:384][  0]LogTcpMessaging: Initializing TcpMessaging bridge
[2018.04.08-20.37.34:430][  0]LogUdpMessaging: Initializing bridge on interface 0.0.0.0:0 to multicast group 230.0.0.1:6666.
[2018.04.08-20.37.35:048][  0]LogMaterial: Uniform references updated for custom material expression Custom.
[2018.04.08-20.37.35:497][  0]SourceControl: Info Source control is disabled
[2018.04.08-20.37.35:498][  0]SourceControl: Info Source control is disabled
[2018.04.08-20.37.35:554][  0]SourceControl: Info Source control is disabled
[2018.04.08-20.37.35:609][  0]SourceControl: Info Source control is disabled
[2018.04.08-20.37.36:387][  0]LogAndroidPermission: UAndroidPermissionCallbackProxy::GetInstance
[2018.04.08-20.37.37:058][  0]LogEngine: Initializing Engine...
[2018.04.08-20.37.37:059][  0]LogHMD: Failed to initialize OpenVR with code 110
[2018.04.08-20.37.37:365][  0]LogStats: UGameplayTagsManager::ConstructGameplayTagTree: Construct from data asset -  0.000 s
[2018.04.08-20.37.37:365][  0]LogStats: UGameplayTagsManager::ConstructGameplayTagTree: GameplayTagTreeChangedEvent.Broadcast -  0.000 s
[2018.04.08-20.37.37:507][  0]LogAIModule: Creating AISystem for world Untitled
[2018.04.08-20.37.37:525][  0]LogInit: XAudio2 using 'Speakers (High Definition Audio Device)' : 6 channels at 44.1 kHz using 16 bits per sample (channel mask 0x60f)
[2018.04.08-20.37.37:540][  0]LogInit: FAudioDevice initialized.
[2018.04.08-20.37.37:589][  0]LogDerivedDataCache: Saved boot cache 0.05s 103MB C:/Users/Archie/AppData/Local/UnrealEngine/4.16/DerivedDataCache/Boot.ddc.
[2018.04.08-20.37.37:605][  0]LogInit: Texture streaming: Enabled
[2018.04.08-20.37.37:702][  0]LogEngineSessionManager: EngineSessionManager initialized
[2018.04.08-20.37.37:956][  0]LogInit: Transaction tracking system initialized
[2018.04.08-20.37.38:313][  0]BlueprintLog: New page: Editor Load
[2018.04.08-20.37.39:399][  0]LocalizationService: Info Localization service is disabled
[2018.04.08-20.37.40:160][  0]LogConsoleResponse:Display: 
[2018.04.08-20.37.40:316][  0]LogCook:Display: Max memory allowance for cook 16384mb min free memory 0mb
[2018.04.08-20.37.40:316][  0]LogCook:Display: Mobile HDR setting 1
[2018.04.08-20.37.40:691][  0]LogFileCache: Scanning file cache for directory 'C:/Users/Archie/Documents/Unreal Projects/GitRazDaz/RazzleDazzle/Content/' took 0.02s
[2018.04.08-20.37.41:613][  0]SourceControl: Info Source control is disabled
[2018.04.08-20.37.41:703][  0]LogSlate: Took 0.000934 seconds to synchronously load lazily loaded font '../../../Engine/Content/Slate/Fonts/Roboto-Regular.ttf' (155K)
[2018.04.08-20.38.20:500][  0]LogWindowsTextInputMethodSystem:Display: IME system now deactivated.
[2018.04.08-20.38.20:500][  0]LogWindowsTextInputMethodSystem:Display: IME system now deactivated.
[2018.04.08-20.38.20:515][  0]LogWindowsTextInputMethodSystem:Display: IME system now deactivated.
[2018.04.08-20.38.20:515][  0]LogWindowsTextInputMethodSystem:Display: IME system now deactivated.
[2018.04.08-20.38.21:521][  0]LogWindowsTextInputMethodSystem:Display: IME system now deactivated.
[2018.04.08-20.38.21:521][  0]LogWindowsTextInputMethodSystem:Display: IME system now deactivated.
[2018.04.08-20.38.21:588][  0]LogWindowsTextInputMethodSystem:Display: IME system now deactivated.
[2018.04.08-20.38.21:588][  0]LogWindowsTextInputMethodSystem:Display: IME system now deactivated.
[2018.04.08-20.38.21:590][  0]Cmd: MAP LOAD FILE="../../../../../../Users/Archie/Documents/Unreal Projects/GitRazDaz/RazzleDazzle/Content/VirtualRealityBP/Maps/StartupMap.umap" TEMPLATE=0 SHOWPROGRESS=1 FEATURELEVEL=3
[2018.04.08-20.38.21:590][  0]LightingResults: New page: Lighting Build
[2018.04.08-20.38.21:662][  0]MapCheck: New page: Map Check
[2018.04.08-20.38.21:662][  0]LightingResults: New page: Lighting Build
[2018.04.08-20.38.21:785][  0]LogAIModule: Creating AISystem for world StartupMap
[2018.04.08-20.38.21:792][  0]LogEditorServer: Finished looking for orphan Actors (0.000 secs)
[2018.04.08-20.38.21:801][  0]Cmd: MAP CHECKDEP NOCLEARLOG
[2018.04.08-20.38.21:870][  0]MapCheck: Info Map check complete: 0 Error(s), 0 Warning(s), took 68.611ms to complete.
[2018.04.08-20.38.21:870][  0]LogFileHelpers: Loading map 'StartupMap' took 0.280
[2018.04.08-20.38.21:957][  0]LogStats:Warning: MetaData mismatch. Did you assign a stat to two groups? New //STATGROUP_Threads//SplashScreenThread///Thread_45f8_0///####STATCAT_Advanced#### old //STATGROUP_Threads//SplashScreenThread///Thread_4220_0///####STATCAT_Advanced####
[2018.04.08-20.38.21:957][  0]LogCollectionManager: Loaded 0 collections in 0.002130 seconds
[2018.04.08-20.38.22:053][  0]LogFileCache: Scanning file cache for directory 'C:/Users/Archie/Documents/Unreal Projects/GitRazDaz/RazzleDazzle/Saved/Collections/' took 0.01s
[2018.04.08-20.38.22:053][  0]LogFileCache: Scanning file cache for directory 'C:/Users/Archie/Documents/Unreal Projects/GitRazDaz/RazzleDazzle/Content/Developers/Archie/Collections/' took 0.01s
[2018.04.08-20.38.22:053][  0]LogFileCache: Scanning file cache for directory 'C:/Users/Archie/Documents/Unreal Projects/GitRazDaz/RazzleDazzle/Content/Collections/' took 0.01s
[2018.04.08-20.38.22:053][  0]LogCollectionManager: Rebuilt the GUID cache for 0 collections in 0.000002 seconds
[2018.04.08-20.38.22:062][  0]LogContentBrowser: Native class hierarchy populated in 0.0093 seconds. Added 2329 classes and 491 folders.
[2018.04.08-20.38.22:136][  0]LogContentBrowser: Native class hierarchy updated for 'WidgetCarousel' in 0.0007 seconds. Added 0 classes and 0 folders.
[2018.04.08-20.38.22:233][  0]LogContentBrowser: Native class hierarchy updated for 'AddContentDialog' in 0.0005 seconds. Added 0 classes and 0 folders.
[2018.04.08-20.38.22:280][  0]LogContentBrowser: Native class hierarchy updated for 'SceneOutliner' in 0.0005 seconds. Added 1 classes and 2 folders.
[2018.04.08-20.38.22:353][  0]LogCrashTracker: Crashtracker disabled due to settings.
[2018.04.08-20.38.22:374][  0]LogSlate: Took 0.000946 seconds to synchronously load lazily loaded font '../../../Engine/Content/Slate/Fonts/Roboto-Bold.ttf' (160K)
[2018.04.08-20.38.22:378][  0]LogSlate: Took 0.001177 seconds to synchronously load lazily loaded font '../../../Engine/Content/Editor/Slate/Fonts/FontAwesome.ttf' (139K)
[2018.04.08-20.38.22:472][  0]LogRenderer: Reallocating scene render targets to support 1612x576 NumSamples 1 (Frame:1).
[2018.04.08-20.38.22:550][  0]LogUObjectGlobals:Warning: Failed to find object 'Class None.'
[2018.04.08-20.38.22:623][  0]LogContentBrowser: Native class hierarchy updated for 'HierarchicalLODOutliner' in 0.0006 seconds. Added 1 classes and 2 folders.
[2018.04.08-20.38.22:623][  0]LogLoad: (Engine Initialization) Total time: 59.47 seconds
[2018.04.08-20.38.22:623][  0]LogLoad: (Engine Initialization) Total Blueprint compile time: 0.05 seconds
[2018.04.08-20.38.22:623][  0]LogExternalProfiler: No external profilers were discovered.  External profiling features will not be available.
[2018.04.08-20.38.22:634][  0]LogOcInput: OculusInput pre-init called
[2018.04.08-20.38.22:634][  0]LogHMD: Starting GearVRController plugin
[2018.04.08-20.38.22:650][  0]LogAssetRegistry: Asset discovery search completed in 51.5211 seconds
[2018.04.08-20.38.22:652][  0]LogCollectionManager: Rebuilt the object cache for 0 collections in 0.000001 seconds (found 0 objects)
[2018.04.08-20.38.22:652][  0]LogCollectionManager: Fixed up redirectors for 0 collections in 0.000033 seconds (updated 0 objects)
[2018.04.08-20.38.22:654][  0]LogContentStreaming: Texture pool size now 3000 MB
[2018.04.08-20.38.22:674][  0]LogSlate: Took 0.000992 seconds to synchronously load lazily loaded font '../../../Engine/Content/Slate/Fonts/Roboto-Light.ttf' (159K)
[2018.04.08-20.38.31:488][922]LogSlate: Only BGRA pngs, bmps or icos are supported in by External Image Picker
[2018.04.08-20.38.31:551][925]LogTemp: Executing iPhonePackager certificates Engine -bundlename com.YourCompany.RazzleDazzle
[2018.04.08-20.38.31:551][925]LogTemp: CWD: C:\Program Files\Epic Games\UE_4.16\Engine\Binaries\DotNET\IOS
[2018.04.08-20.38.31:551][925]LogTemp: Initial Dir: C:\Program Files\Epic Games\UE_4.16
[2018.04.08-20.38.31:551][925]LogTemp: Env CWD: C:\Program Files\Epic Games\UE_4.16\Engine\Binaries\DotNET\IOS
[2018.04.08-20.38.31:559][926]LogTemp: BranchPath = DESKTOP-OB5JVCB/C/Program Files/Epic Games/UE_4.16/Engine/Binaries --- GameBranchPath = DESKTOP-OB5JVCB/C/Program Files/Epic Games/UE_4.16/Engine/Binaries
[2018.04.08-20.38.31:575][928]LogTemp: IPP ERROR: Could not find provision directory 'C:\Users\Archie\AppData\Local/Apple Computer/MobileDevice/Provisioning Profiles/'.
[2018.04.08-20.38.34:705][293]LogSlate: Took 0.000152 seconds to synchronously load lazily loaded font '../../../Engine/Content/Slate/Fonts/Roboto-Light.ttf' (159K)
[2018.04.08-20.39.07:718][450]LogSlate: Took 0.000217 seconds to synchronously load lazily loaded font '../../../Engine/Content/Slate/Fonts/Roboto-Light.ttf' (159K)
[2018.04.08-20.39.10:229][450]LogFactory: FactoryCreateFile: StaticMesh with FbxFactory (0 0 G:/00_StarWarsProject/FBX/ARC_Wall_Door_3x2_A.FBX)
[2018.04.08-20.39.10:235][450]LogFbx: ItemName: GlobalSettings, ItemCount : 1
[2018.04.08-20.39.10:235][450]LogFbx: ItemName: AnimationStack, ItemCount : 1
[2018.04.08-20.39.10:235][450]LogFbx: ItemName: AnimationLayer, ItemCount : 1
[2018.04.08-20.39.10:235][450]LogFbx: ItemName: Model, ItemCount : 1
[2018.04.08-20.39.10:235][450]LogFbx: ItemName: Geometry, ItemCount : 1
[2018.04.08-20.39.10:235][450]LogFbx: ItemName: Material, ItemCount : 2
[2018.04.08-20.39.10:239][450]LogFbx: Loading FBX Scene from G:/00_StarWarsProject/FBX/ARC_Wall_Door_3x2_A.FBX
[2018.04.08-20.39.10:244][450]LogFbx: FBX Scene Loaded Succesfully
[2018.04.08-20.39.11:210][450]LogFbx: Loading FBX Scene from G:/00_StarWarsProject/FBX/ARC_Wall_Door_3x2_A.FBX
[2018.04.08-20.39.11:214][450]LogFbx: FBX Scene Loaded Succesfully
[2018.04.08-20.39.11:220][450]LogStaticMesh: Building static mesh ARC_Wall_Door_3x2_A...
[2018.04.08-20.39.11:224][450]LogStaticMesh: Built static mesh [0.00s] /Game/Assets/Architecture/ARC_Wall_Door_3x2_A.ARC_Wall_Door_3x2_A
[2018.04.08-20.39.11:236][450]LogFactory: FactoryCreateFile: StaticMesh with FbxFactory (0 0 G:/00_StarWarsProject/FBX/ARC_Wall_Door_3x2_B.FBX)
[2018.04.08-20.39.11:878][450]LogFbx: Loading FBX Scene from G:/00_StarWarsProject/FBX/ARC_Wall_Door_3x2_B.FBX
[2018.04.08-20.39.11:883][450]LogFbx: FBX Scene Loaded Succesfully
[2018.04.08-20.39.11:888][450]LogStaticMesh: Building static mesh ARC_Wall_Door_3x2_B...
[2018.04.08-20.39.11:895][450]LogStaticMesh: Built static mesh [0.01s] /Game/Assets/Architecture/ARC_Wall_Door_3x2_B.ARC_Wall_Door_3x2_B
[2018.04.08-20.39.11:896][450]LogStaticMesh:Warning: ARC_Wall_Door_3x2_B has degenerate tangent bases which will result in incorrect shading.  MikkTSpace relies on tangent bases and may result in mesh corruption, consider disabling this option.
[2018.04.08-20.39.11:899][450]FBXImport:Warning: Warning ARC_Wall_Door_3x2_B has degenerate tangent bases which will result in incorrect shading.  MikkTSpace relies on tangent bases and may result in mesh corruption, consider disabling this option. 
[2018.04.08-20.39.11:921][450]LogFactory: FactoryCreateFile: StaticMesh with FbxFactory (0 0 G:/00_StarWarsProject/FBX/ARC_Wall_Door_3x2_C.FBX)
[2018.04.08-20.39.11:932][450]LogFbx: Loading FBX Scene from G:/00_StarWarsProject/FBX/ARC_Wall_Door_3x2_C.FBX
[2018.04.08-20.39.11:937][450]LogFbx: FBX Scene Loaded Succesfully
[2018.04.08-20.39.11:943][450]LogStaticMesh: Building static mesh ARC_Wall_Door_3x2_C...
[2018.04.08-20.39.11:948][450]LogStaticMesh: Built static mesh [0.01s] /Game/Assets/Architecture/ARC_Wall_Door_3x2_C.ARC_Wall_Door_3x2_C
[2018.04.08-20.39.11:957][450]LogFactory: FactoryCreateFile: StaticMesh with FbxFactory (0 0 G:/00_StarWarsProject/FBX/ARC_Wall_Door_3x3_A.FBX)
[2018.04.08-20.39.11:965][450]LogFbx: Loading FBX Scene from G:/00_StarWarsProject/FBX/ARC_Wall_Door_3x3_A.FBX
[2018.04.08-20.39.11:971][450]LogFbx: FBX Scene Loaded Succesfully
[2018.04.08-20.39.11:974][450]LogStaticMesh: Building static mesh ARC_Wall_Door_3x3_A...
[2018.04.08-20.39.11:978][450]LogStaticMesh: Built static mesh [0.00s] /Game/Assets/Architecture/ARC_Wall_Door_3x3_A.ARC_Wall_Door_3x3_A
[2018.04.08-20.39.11:989][450]LogFactory: FactoryCreateFile: StaticMesh with FbxFactory (0 0 G:/00_StarWarsProject/FBX/ARC_Wall_Door_3x3_B.FBX)
[2018.04.08-20.39.11:996][450]LogFbx: Loading FBX Scene from G:/00_StarWarsProject/FBX/ARC_Wall_Door_3x3_B.FBX
[2018.04.08-20.39.12:001][450]LogFbx: FBX Scene Loaded Succesfully
[2018.04.08-20.39.12:003][450]LogStaticMesh: Building static mesh ARC_Wall_Door_3x3_B...
[2018.04.08-20.39.12:011][450]LogStaticMesh: Built static mesh [0.01s] /Game/Assets/Architecture/ARC_Wall_Door_3x3_B.ARC_Wall_Door_3x3_B
[2018.04.08-20.39.12:011][450]LogStaticMesh:Warning: ARC_Wall_Door_3x3_B has degenerate tangent bases which will result in incorrect shading.  MikkTSpace relies on tangent bases and may result in mesh corruption, consider disabling this option.
[2018.04.08-20.39.12:018][450]FBXImport:Warning: Warning ARC_Wall_Door_3x3_B has degenerate tangent bases which will result in incorrect shading.  MikkTSpace relies on tangent bases and may result in mesh corruption, consider disabling this option. 
[2018.04.08-20.39.12:022][450]LogFactory: FactoryCreateFile: StaticMesh with FbxFactory (0 0 G:/00_StarWarsProject/FBX/ARC_Wall_Door_3x3_C.FBX)
[2018.04.08-20.39.12:029][450]LogFbx: Loading FBX Scene from G:/00_StarWarsProject/FBX/ARC_Wall_Door_3x3_C.FBX
[2018.04.08-20.39.12:034][450]LogFbx: FBX Scene Loaded Succesfully
[2018.04.08-20.39.12:037][450]LogStaticMesh: Building static mesh ARC_Wall_Door_3x3_C...
[2018.04.08-20.39.12:042][450]LogStaticMesh: Built static mesh [0.01s] /Game/Assets/Architecture/ARC_Wall_Door_3x3_C.ARC_Wall_Door_3x3_C
[2018.04.08-20.39.18:933][199]LogSavePackage: Save=10.00ms
[2018.04.08-20.39.18:933][199]LogSavePackage: Moving '../../../../../../Users/Archie/Documents/Unreal Projects/GitRazDaz/RazzleDazzle/Saved/ARC_Wall_Door_3x2_A3A7BAF724DAAC2FC662EAA9E2B584D9E.tmp' to '../../../../../../Users/Archie/Documents/Unreal Projects/GitRazDaz/RazzleDazzle/Content/Assets/Architecture/ARC_Wall_Door_3x2_A.uasset'
[2018.04.08-20.39.18:940][199]LogSavePackage:Display: Finished SavePackage ../../../../../../Users/Archie/Documents/Unreal Projects/GitRazDaz/RazzleDazzle/Content/Assets/Architecture/ARC_Wall_Door_3x2_A.uasset
[2018.04.08-20.39.18:971][199]LogSavePackage: Save=10.52ms
[2018.04.08-20.39.18:971][199]LogSavePackage: Moving '../../../../../../Users/Archie/Documents/Unreal Projects/GitRazDaz/RazzleDazzle/Saved/ARC_Wall_Door_3x2_BC9E222B44AF5BBCD6BEABDA5760FFD3C.tmp' to '../../../../../../Users/Archie/Documents/Unreal Projects/GitRazDaz/RazzleDazzle/Content/Assets/Architecture/ARC_Wall_Door_3x2_B.uasset'
[2018.04.08-20.39.18:977][199]LogSavePackage:Display: Finished SavePackage ../../../../../../Users/Archie/Documents/Unreal Projects/GitRazDaz/RazzleDazzle/Content/Assets/Architecture/ARC_Wall_Door_3x2_B.uasset
[2018.04.08-20.39.19:008][199]LogSavePackage: Save=10.53ms
[2018.04.08-20.39.19:008][199]LogSavePackage: Moving '../../../../../../Users/Archie/Documents/Unreal Projects/GitRazDaz/RazzleDazzle/Saved/ARC_Wall_Door_3x2_C3D998F0444BB98587C7FBA96EA2F7E96.tmp' to '../../../../../../Users/Archie/Documents/Unreal Projects/GitRazDaz/RazzleDazzle/Content/Assets/Architecture/ARC_Wall_Door_3x2_C.uasset'
[2018.04.08-20.39.19:015][199]LogSavePackage:Display: Finished SavePackage ../../../../../../Users/Archie/Documents/Unreal Projects/GitRazDaz/RazzleDazzle/Content/Assets/Architecture/ARC_Wall_Door_3x2_C.uasset
[2018.04.08-20.39.19:041][199]LogSavePackage: Save=10.33ms
[2018.04.08-20.39.19:041][199]LogSavePackage: Moving '../../../../../../Users/Archie/Documents/Unreal Projects/GitRazDaz/RazzleDazzle/Saved/ARC_Wall_Door_3x3_ABCAD4ED448FBF33B4851539BE819BFB3.tmp' to '../../../../../../Users/Archie/Documents/Unreal Projects/GitRazDaz/RazzleDazzle/Content/Assets/Architecture/ARC_Wall_Door_3x3_A.uasset'
[2018.04.08-20.39.19:047][199]LogSavePackage:Display: Finished SavePackage ../../../../../../Users/Archie/Documents/Unreal Projects/GitRazDaz/RazzleDazzle/Content/Assets/Architecture/ARC_Wall_Door_3x3_A.uasset
[2018.04.08-20.39.19:073][199]LogSavePackage: Save=10.40ms
[2018.04.08-20.39.19:073][199]LogSavePackage: Moving '../../../../../../Users/Archie/Documents/Unreal Projects/GitRazDaz/RazzleDazzle/Saved/ARC_Wall_Door_3x3_BA438AEA5442AE8BC4314818C4BB4B547.tmp' to '../../../../../../Users/Archie/Documents/Unreal Projects/GitRazDaz/RazzleDazzle/Content/Assets/Architecture/ARC_Wall_Door_3x3_B.uasset'
[2018.04.08-20.39.19:079][199]LogSavePackage:Display: Finished SavePackage ../../../../../../Users/Archie/Documents/Unreal Projects/GitRazDaz/RazzleDazzle/Content/Assets/Architecture/ARC_Wall_Door_3x3_B.uasset
[2018.04.08-20.39.19:107][199]LogSavePackage: Save=10.55ms
[2018.04.08-20.39.19:107][199]LogSavePackage: Moving '../../../../../../Users/Archie/Documents/Unreal Projects/GitRazDaz/RazzleDazzle/Saved/ARC_Wall_Door_3x3_C12E517624A4A4DE4D41579A6C78ABA3E.tmp' to '../../../../../../Users/Archie/Documents/Unreal Projects/GitRazDaz/RazzleDazzle/Content/Assets/Architecture/ARC_Wall_Door_3x3_C.uasset'
[2018.04.08-20.39.19:113][199]LogSavePackage:Display: Finished SavePackage ../../../../../../Users/Archie/Documents/Unreal Projects/GitRazDaz/RazzleDazzle/Content/Assets/Architecture/ARC_Wall_Door_3x3_C.uasset
[2018.04.08-20.39.26:706][ 92]LogAIModule: Creating AISystem for world Whitebox
[2018.04.08-20.39.26:720][ 92]Cmd: MAP LOAD FILE="../../../../../../Users/Archie/Documents/Unreal Projects/GitRazDaz/RazzleDazzle/Content/Levels/Whitebox.umap" TEMPLATE=0 SHOWPROGRESS=1 FEATURELEVEL=3
[2018.04.08-20.39.26:720][ 92]LightingResults: New page: Lighting Build
[2018.04.08-20.39.26:721][ 92]LoadErrors: New page: Loading map: Whitebox.umap
[2018.04.08-20.39.26:722][ 92]MapCheck: New page: Map Check
[2018.04.08-20.39.26:722][ 92]LightingResults: New page: Lighting Build
[2018.04.08-20.39.26:763][ 92]LogEditorServer: Finished looking for orphan Actors (0.000 secs)
[2018.04.08-20.39.26:780][ 92]Cmd: MAP CHECKDEP NOCLEARLOG
[2018.04.08-20.39.26:849][ 92]MapCheck: Info Map check complete: 0 Error(s), 0 Warning(s), took 69.373ms to complete.
[2018.04.08-20.39.26:849][ 92]LogFileHelpers: Loading map 'Whitebox' took 0.130
[2018.04.08-20.39.38:700][477]LogSavePackage: Save=23.61ms
[2018.04.08-20.39.38:700][477]LogSavePackage: Moving '../../../../../../Users/Archie/Documents/Unreal Projects/GitRazDaz/RazzleDazzle/Saved/Whitebox90959F90440A429261E066B372A341CC.tmp' to '../../../../../../Users/Archie/Documents/Unreal Projects/GitRazDaz/RazzleDazzle/Content/Levels/Whitebox.umap'
[2018.04.08-20.39.38:704][477]LogSavePackage:Display: Finished SavePackage ../../../../../../Users/Archie/Documents/Unreal Projects/GitRazDaz/RazzleDazzle/Content/Levels/Whitebox.umap
[2018.04.08-20.39.45:543][281]LogWindowsTextInputMethodSystem:Display: IME system now deactivated.
[2018.04.08-20.39.45:543][281]LogWindowsTextInputMethodSystem:Display: IME system now deactivated.
[2018.04.08-20.39.45:721][282]Cmd: QUIT_EDITOR
[2018.04.08-20.39.45:760][282]LogExit: Preparing to exit.
[2018.04.08-20.39.46:596][282]LogDirectoryWatcher: A directory notification for 'C:/Users/Archie/Documents/Unreal Projects/GitRazDaz/RazzleDazzle/Content/' was aborted.
[2018.04.08-20.39.46:606][282]LogExit: Editor shut down
[2018.04.08-20.39.46:608][282]LogExit: Transaction tracking system shut down
[2018.04.08-20.39.46:664][282]LogObj: Freed 0b from 0 cluster array pools.
[2018.04.08-20.39.46:664][282]LogExit: Object subsystem successfully closed.
[2018.04.08-20.39.46:685][282]LogD3D11RHI: Shutdown
[2018.04.08-20.39.46:685][282]LogD3D11RHI: CleanupD3DDevice
[2018.04.08-20.39.46:744][282]LogD3D11RHI: ~FD3D11DynamicRHI
[2018.04.08-20.39.46:770][282]LogModuleManager: Shutting down and abandoning module ExternalImagePicker (526)
[2018.04.08-20.39.46:770][282]LogModuleManager: Shutting down and abandoning module HierarchicalLODOutliner (524)
[2018.04.08-20.39.46:770][282]LogModuleManager: Shutting down and abandoning module CrashTracker (522)
[2018.04.08-20.39.46:770][282]LogModuleManager: Shutting down and abandoning module SceneOutliner (520)
[2018.04.08-20.39.46:770][282]LogModuleManager: Shutting down and abandoning module AddContentDialog (518)
[2018.04.08-20.39.46:770][282]LogDirectoryWatcher: A directory notification for 'C:/Program Files/Epic Games/UE_4.16/FeaturePacks/' was aborted.
[2018.04.08-20.39.46:770][282]LogModuleManager: Shutting down and abandoning module WidgetCarousel (517)
[2018.04.08-20.39.46:770][282]LogModuleManager: Shutting down and abandoning module EditorWidgets (514)
[2018.04.08-20.39.46:770][282]LogModuleManager: Shutting down and abandoning module CollectionManager (512)
[2018.04.08-20.39.46:770][282]LogDirectoryWatcher: A directory notification for 'C:/Users/Archie/Documents/Unreal Projects/GitRazDaz/RazzleDazzle/Content/Collections/' was aborted.
[2018.04.08-20.39.46:770][282]LogDirectoryWatcher: A directory notification for 'C:/Users/Archie/Documents/Unreal Projects/GitRazDaz/RazzleDazzle/Content/Developers/Archie/Collections/' was aborted.
[2018.04.08-20.39.46:770][282]LogDirectoryWatcher: A directory notification for 'C:/Users/Archie/Documents/Unreal Projects/GitRazDaz/RazzleDazzle/Saved/Collections/' was aborted.
[2018.04.08-20.39.46:771][282]LogModuleManager: Shutting down and abandoning module StatsViewer (510)
[2018.04.08-20.39.46:771][282]LogModuleManager: Shutting down and abandoning module FoliageEdit (508)
[2018.04.08-20.39.46:771][282]LogModuleManager: Shutting down and abandoning module LandscapeEditor (506)
[2018.04.08-20.39.46:771][282]LogModuleManager: Shutting down and abandoning module MeshPaintMode (504)
[2018.04.08-20.39.46:771][282]LogModuleManager: Shutting down and abandoning module SceneDepthPickerMode (502)
[2018.04.08-20.39.46:771][282]LogModuleManager: Shutting down and abandoning module ActorPickerMode (500)
[2018.04.08-20.39.46:771][282]LogModuleManager: Shutting down and abandoning module GeometryMode (498)
[2018.04.08-20.39.46:771][282]LogModuleManager: Shutting down and abandoning module TextureAlignMode (496)
[2018.04.08-20.39.46:771][282]LogModuleManager: Shutting down and abandoning module BspMode (494)
[2018.04.08-20.39.46:771][282]LogModuleManager: Shutting down and abandoning module HardwareSurvey (492)
[2018.04.08-20.39.46:771][282]LogModuleManager: Shutting down and abandoning module SequenceRecorderSections (490)
[2018.04.08-20.39.46:771][282]LogModuleManager: Shutting down and abandoning module AutomationWorker (488)
[2018.04.08-20.39.46:771][282]LogModuleManager: Shutting down and abandoning module MatineeToLevelSequence (486)
[2018.04.08-20.39.46:771][282]LogModuleManager: Shutting down and abandoning module LevelSequenceEditor (484)
[2018.04.08-20.39.46:771][282]LogModuleManager: Shutting down and abandoning module PlacementMode (483)
[2018.04.08-20.39.46:771][282]LogModuleManager: Shutting down and abandoning module WmfMediaFactory (480)
[2018.04.08-20.39.46:771][282]LogModuleManager: Shutting down and abandoning module WmfMediaEditor (478)
[2018.04.08-20.39.46:771][282]LogModuleManager: Shutting down and abandoning module AvfMediaFactory (476)
[2018.04.08-20.39.46:771][282]LogModuleManager: Shutting down and abandoning module AvfMediaEditor (474)
[2018.04.08-20.39.46:771][282]LogModuleManager: Shutting down and abandoning module AndroidMediaFactory (472)
[2018.04.08-20.39.46:771][282]LogModuleManager: Shutting down and abandoning module Media (471)
[2018.04.08-20.39.46:771][282]LogModuleManager: Shutting down and abandoning module AndroidMediaEditor (468)
[2018.04.08-20.39.46:771][282]LogModuleManager: Shutting down and abandoning module CharacterAI (466)
[2018.04.08-20.39.46:771][282]LogModuleManager: Shutting down and abandoning module AudioCapture (464)
[2018.04.08-20.39.46:771][282]LogModuleManager: Shutting down and abandoning module SequenceRecorder (463)
[2018.04.08-20.39.46:771][282]LogModuleManager: Shutting down and abandoning module SmartSnapping (460)
[2018.04.08-20.39.46:771][282]LogModuleManager: Shutting down and abandoning module SessionServices (458)
[2018.04.08-20.39.46:771][282]LogModuleManager: Shutting down and abandoning module ViewportSnapping (456)
[2018.04.08-20.39.46:771][282]LogModuleManager: Shutting down and abandoning module ViewportInteraction (454)
[2018.04.08-20.39.46:771][282]LogModuleManager: Shutting down and abandoning module ClothPainter (452)
[2018.04.08-20.39.46:771][282]LogModuleManager: Shutting down and abandoning module LogVisualizer (450)
[2018.04.08-20.39.46:771][282]LogModuleManager: Shutting down and abandoning module IntroTutorials (448)
[2018.04.08-20.39.46:771][282]LogModuleManager: Shutting down and abandoning module GameProjectGeneration (447)
[2018.04.08-20.39.46:771][282]LogModuleManager: Shutting down and abandoning module EditorLiveStreaming (444)
[2018.04.08-20.39.46:771][282]LogModuleManager: Shutting down and abandoning module IOSPlatformEditor (442)
[2018.04.08-20.39.46:771][282]LogModuleManager: Shutting down and abandoning module HTML5PlatformEditor (440)
[2018.04.08-20.39.46:771][282]LogModuleManager: Shutting down and abandoning module AndroidPlatformEditor (438)
[2018.04.08-20.39.46:771][282]LogModuleManager: Shutting down and abandoning module AndroidDeviceDetection (437)
[2018.04.08-20.39.46:815][282]LogModuleManager: Shutting down and abandoning module IOSRuntimeSettings (434)
[2018.04.08-20.39.46:815][282]LogModuleManager: Shutting down and abandoning module AndroidRuntimeSettings (432)
[2018.04.08-20.39.46:815][282]LogModuleManager: Shutting down and abandoning module InputBindingEditor (430)
[2018.04.08-20.39.46:815][282]LogModuleManager: Shutting down and abandoning module MergeActors (428)
[2018.04.08-20.39.46:815][282]LogModuleManager: Shutting down and abandoning module SizeMap (426)
[2018.04.08-20.39.46:815][282]LogModuleManager: Shutting down and abandoning module TreeMap (424)
[2018.04.08-20.39.46:815][282]LogModuleManager: Shutting down and abandoning module ReferenceViewer (422)
[2018.04.08-20.39.46:815][282]LogModuleManager: Shutting down and abandoning module LocalizationDashboard (420)
[2018.04.08-20.39.46:815][282]LogModuleManager: Shutting down and abandoning module LocalizationService (419)
[2018.04.08-20.39.46:815][282]LogModuleManager: Shutting down and abandoning module HardwareTargeting (416)
[2018.04.08-20.39.46:815][282]LogModuleManager: Shutting down and abandoning module DeviceProfileEditor (414)
[2018.04.08-20.39.46:815][282]LogModuleManager: Shutting down and abandoning module UndoHistory (412)
[2018.04.08-20.39.46:815][282]LogModuleManager: Shutting down and abandoning module UserFeedback (410)
[2018.04.08-20.39.46:815][282]LogModuleManager: Shutting down and abandoning module XmlParser (408)
[2018.04.08-20.39.46:815][282]LogModuleManager: Shutting down and abandoning module Blutility (406)
[2018.04.08-20.39.46:815][282]LogModuleManager: Shutting down and abandoning module ProjectSettingsViewer (404)
[2018.04.08-20.39.46:815][282]LogModuleManager: Shutting down and abandoning module ProjectTargetPlatformEditor (403)
[2018.04.08-20.39.46:815][282]LogModuleManager: Shutting down and abandoning module EditorSettingsViewer (400)
[2018.04.08-20.39.46:815][282]LogModuleManager: Shutting down and abandoning module SettingsEditor (398)
[2018.04.08-20.39.46:815][282]LogModuleManager: Shutting down and abandoning module ProjectLauncher (396)
[2018.04.08-20.39.46:815][282]LogModuleManager: Shutting down and abandoning module SessionFrontend (394)
[2018.04.08-20.39.46:815][282]LogModuleManager: Shutting down and abandoning module ProfilerClient (392)
[2018.04.08-20.39.46:815][282]LogModuleManager: Shutting down and abandoning module DeviceManager (390)
[2018.04.08-20.39.46:815][282]LogModuleManager: Shutting down and abandoning module TargetDeviceServices (389)
[2018.04.08-20.39.46:870][282]LogModuleManager: Shutting down and abandoning module AutomationController (386)
[2018.04.08-20.39.46:870][282]LogModuleManager: Shutting down and abandoning module AutomationWindow (384)
[2018.04.08-20.39.46:870][282]LogModuleManager: Shutting down and abandoning module Layers (382)
[2018.04.08-20.39.46:870][282]LogModuleManager: Shutting down and abandoning module ComponentVisualizers (380)
[2018.04.08-20.39.46:870][282]LogModuleManager: Shutting down and abandoning module DetailCustomizations (378)
[2018.04.08-20.39.46:870][282]LogModuleManager: Shutting down and abandoning module PackagesDialog (376)
[2018.04.08-20.39.46:870][282]LogModuleManager: Shutting down and abandoning module Persona (374)
[2018.04.08-20.39.46:870][282]LogModuleManager: Shutting down and abandoning module AdvancedPreviewScene (373)
[2018.04.08-20.39.46:870][282]LogModuleManager: Shutting down and abandoning module AnimGraph (371)
[2018.04.08-20.39.46:870][282]LogModuleManager: Shutting down and abandoning module Kismet (368)
[2018.04.08-20.39.46:870][282]LogModuleManager: Shutting down and abandoning module ClassViewer (366)
[2018.04.08-20.39.46:870][282]LogModuleManager: Shutting down and abandoning module Toolbox (364)
[2018.04.08-20.39.46:870][282]LogModuleManager: Shutting down and abandoning module ModuleUI (362)
[2018.04.08-20.39.46:870][282]LogModuleManager: Shutting down and abandoning module MovieSceneTools (360)
[2018.04.08-20.39.46:870][282]LogModuleManager: Shutting down and abandoning module OutputLog (358)
[2018.04.08-20.39.46:870][282]LogModuleManager: Shutting down and abandoning module GammaUI (356)
[2018.04.08-20.39.46:870][282]LogModuleManager: Shutting down and abandoning module Documentation (354)
[2018.04.08-20.39.46:870][282]LogModuleManager: Shutting down and abandoning module MovieSceneTracks (352)
[2018.04.08-20.39.46:870][282]LogModuleManager: Shutting down and abandoning module MovieScene (350)
[2018.04.08-20.39.46:870][282]LogModuleManager: Shutting down and abandoning module Niagara (348)
[2018.04.08-20.39.46:870][282]LogModuleManager: Shutting down and abandoning module NiagaraEditor (347)
[2018.04.08-20.39.46:870][282]LogModuleManager: Shutting down and abandoning module StreamingPauseRendering (344)
[2018.04.08-20.39.46:870][282]LogModuleManager: Shutting down and abandoning module AnalyticsET (342)
[2018.04.08-20.39.46:870][282]LogModuleManager: Shutting down and abandoning module PortalServices (340)
[2018.04.08-20.39.46:870][282]LogModuleManager: Shutting down and abandoning module PortalRpc (338)
[2018.04.08-20.39.46:870][282]LogModuleManager: Shutting down and abandoning module MessagingRpc (336)
[2018.04.08-20.39.46:870][282]LogModuleManager: Shutting down and abandoning module AIModule (334)
[2018.04.08-20.39.46:870][282]LogModuleManager: Shutting down and abandoning module GameplayDebugger (333)
[2018.04.08-20.39.46:870][282]LogModuleManager: Shutting down and abandoning module AITestSuite (331)
[2018.04.08-20.39.46:870][282]LogModuleManager: Shutting down and abandoning module ProfilerService (328)
[2018.04.08-20.39.46:941][282]LogModuleManager: Shutting down and abandoning module TaskGraph (326)
[2018.04.08-20.39.46:941][282]LogModuleManager: Shutting down and abandoning module SteamVRController (324)
[2018.04.08-20.39.46:941][282]LogModuleManager: Shutting down and abandoning module SteamVR (322)
[2018.04.08-20.39.46:941][282]LogModuleManager: Shutting down and abandoning module ProceduralMeshComponentEditor (320)
[2018.04.08-20.39.46:941][282]LogModuleManager: Shutting down and abandoning module ProceduralMeshComponent (318)
[2018.04.08-20.39.46:941][282]LogModuleManager: Shutting down and abandoning module OculusLibrary (316)
[2018.04.08-20.39.46:941][282]LogModuleManager: Shutting down and abandoning module OculusInput (314)
[2018.04.08-20.39.46:941][282]LogModuleManager: Shutting down and abandoning module MobilePatchingUtils (312)
[2018.04.08-20.39.46:941][282]LogModuleManager: Shutting down and abandoning module CustomMeshComponent (310)
[2018.04.08-20.39.46:941][282]LogModuleManager: Shutting down and abandoning module CableComponent (308)
[2018.04.08-20.39.46:941][282]LogModuleManager: Shutting down and abandoning module ArchVisCharacter (306)
[2018.04.08-20.39.46:941][282]LogModuleManager: Shutting down and abandoning module AndroidPermission (304)
[2018.04.08-20.39.46:941][282]LogModuleManager: Shutting down and abandoning module MediaPlayerEditor (300)
[2018.04.08-20.39.46:941][282]LogModuleManager: Shutting down and abandoning module HTML5Networking (298)
[2018.04.08-20.39.46:941][282]LogModuleManager: Shutting down and abandoning module AlembicImporter (296)
[2018.04.08-20.39.46:941][282]LogModuleManager: Shutting down and abandoning module AlembicLibrary (295)
[2018.04.08-20.39.46:941][282]LogModuleManager: Shutting down and abandoning module GeometryCache (294)
[2018.04.08-20.39.46:941][282]LogModuleManager: Shutting down and abandoning module GeometryCacheEd (293)
[2018.04.08-20.39.46:941][282]LogModuleManager: Shutting down and abandoning module SuperSearchEditor (288)
[2018.04.08-20.39.46:941][282]LogModuleManager: Shutting down and abandoning module SuperSearch (287)
[2018.04.08-20.39.46:941][282]LogModuleManager: Shutting down and abandoning module SpeedTreeImporter (284)
[2018.04.08-20.39.46:941][282]LogModuleManager: Shutting down and abandoning module PluginBrowser (282)
[2018.04.08-20.39.46:941][282]LogModuleManager: Shutting down and abandoning module MobileLauncherProfileWizard (280)
[2018.04.08-20.39.46:941][282]LogModuleManager: Shutting down and abandoning module VisualStudioSourceCodeAccess (278)
[2018.04.08-20.39.46:941][282]LogModuleManager: Shutting down and abandoning module DesktopPlatform (277)
[2018.04.08-20.39.46:941][282]LogModuleManager: Shutting down and abandoning module UObjectPlugin (274)
[2018.04.08-20.39.46:941][282]LogModuleManager: Shutting down and abandoning module SubversionSourceControl (272)
[2018.04.08-20.39.46:941][282]LogModuleManager: Shutting down and abandoning module PerforceSourceControl (270)
[2018.04.08-20.39.46:941][282]LogModuleManager: Shutting down and abandoning module GitSourceControl (268)
[2018.04.08-20.39.46:941][282]LogModuleManager: Shutting down and abandoning module SourceControl (267)
[2018.04.08-20.39.46:941][282]LogModuleManager: Shutting down and abandoning module LightPropagationVolumeEditor (264)
[2018.04.08-20.39.46:941][282]LogModuleManager: Shutting down and abandoning module PaperTiledImporter (262)
[2018.04.08-20.39.46:941][282]LogModuleManager: Shutting down and abandoning module PaperSpriteSheetImporter (260)
[2018.04.08-20.39.46:941][282]LogModuleManager: Shutting down and abandoning module Paper2DEditor (258)
[2018.04.08-20.39.46:941][282]LogModuleManager: Shutting down and abandoning module MeshPaint (257)
[2018.04.08-20.39.46:941][282]LogModuleManager: Shutting down and abandoning module LevelEditor (255)
[2018.04.08-20.39.46:942][282]LogModuleManager: Shutting down and abandoning module PixelInspectorModule (254)
[2018.04.08-20.39.46:942][282]LogModuleManager: Shutting down and abandoning module MainFrame (252)
[2018.04.08-20.39.46:942][282]LogModuleManager: Shutting down and abandoning module HotReload (251)
[2018.04.08-20.39.46:942][282]LogModuleManager: Shutting down and abandoning module PhysXVehiclesEditor (246)
[2018.04.08-20.39.46:942][282]LogModuleManager: Shutting down and abandoning module PhysXVehicles (244)
[2018.04.08-20.39.46:942][282]LogModuleManager: Shutting down and abandoning module LocationServicesBPLibrary (242)
[2018.04.08-20.39.46:942][282]LogModuleManager: Shutting down and abandoning module ImmediatePhysicsEditor (240)
[2018.04.08-20.39.46:942][282]LogModuleManager: Shutting down and abandoning module ImmediatePhysics (238)
[2018.04.08-20.39.46:942][282]LogModuleManager: Shutting down and abandoning module UdpMessaging (236)
[2018.04.08-20.39.47:044][282]LogModuleManager: Shutting down and abandoning module TcpMessaging (234)
[2018.04.08-20.39.47:434][282]LogModuleManager: Shutting down and abandoning module GameplayTagsEditor (232)
[2018.04.08-20.39.47:434][282]LogModuleManager: Shutting down and abandoning module FacialAnimationEditor (230)
[2018.04.08-20.39.47:434][282]LogModuleManager: Shutting down and abandoning module FacialAnimation (228)
[2018.04.08-20.39.47:434][282]LogModuleManager: Shutting down and abandoning module AssetManagerEditor (226)
[2018.04.08-20.39.47:434][282]LogModuleManager: Shutting down and abandoning module GraphEditor (225)
[2018.04.08-20.39.47:434][282]LogModuleManager: Shutting down and abandoning module ContentBrowser (223)
[2018.04.08-20.39.47:435][282]LogModuleManager: Shutting down and abandoning module LightPropagationVolumeRuntime (220)
[2018.04.08-20.39.47:435][282]LogModuleManager: Shutting down and abandoning module Paper2D (218)
[2018.04.08-20.39.47:435][282]LogModuleManager: Shutting down and abandoning module WindowsMoviePlayer (216)
[2018.04.08-20.39.47:435][282]LogModuleManager: Shutting down and abandoning module WmfMedia (214)
[2018.04.08-20.39.47:438][282]LogModuleManager: Shutting down and abandoning module ClothingSystemEditor (212)
[2018.04.08-20.39.47:438][282]LogModuleManager: Shutting down and abandoning module ClothingSystemRuntime (210)
[2018.04.08-20.39.47:438][282]LogModuleManager: Shutting down and abandoning module MediaAssets (208)
[2018.04.08-20.39.47:438][282]LogModuleManager: Shutting down and abandoning module GameLiveStreaming (206)
[2018.04.08-20.39.47:438][282]LogModuleManager: Shutting down and abandoning module VREditor (204)
[2018.04.08-20.39.47:438][282]LogModuleManager: Shutting down and abandoning module StringTableEditor (202)
[2018.04.08-20.39.47:438][282]LogModuleManager: Shutting down and abandoning module GameplayTasksEditor (200)
[2018.04.08-20.39.47:438][282]LogModuleManager: Shutting down and abandoning module BehaviorTreeEditor (198)
[2018.04.08-20.39.47:438][282]LogModuleManager: Shutting down and abandoning module FunctionalTesting (196)
[2018.04.08-20.39.47:438][282]LogModuleManager: Shutting down and abandoning module CollisionAnalyzer (194)
[2018.04.08-20.39.47:438][282]LogModuleManager: Shutting down and abandoning module UMG (192)
[2018.04.08-20.39.47:438][282]LogModuleManager: Shutting down and abandoning module UMGEditor (191)
[2018.04.08-20.39.47:438][282]LogModuleManager: Shutting down and abandoning module Sequencer (190)
[2018.04.08-20.39.47:438][282]LogModuleManager: Shutting down and abandoning module AssetTools (188)
[2018.04.08-20.39.47:438][282]LogModuleManager: Shutting down and abandoning module MessageLog (187)
[2018.04.08-20.39.47:438][282]LogModuleManager: Shutting down and abandoning module WorkspaceMenuStructure (186)
[2018.04.08-20.39.47:438][282]LogModuleManager: Shutting down and abandoning module SlateReflector (180)
[2018.04.08-20.39.47:438][282]LogModuleManager: Shutting down and abandoning module Slate (178)
[2018.04.08-20.39.47:438][282]LogModuleManager: Shutting down and abandoning module EditorStyle (176)
[2018.04.08-20.39.47:441][282]LogModuleManager: Shutting down and abandoning module SourceCodeAccess (174)
[2018.04.08-20.39.47:441][282]LogModuleManager: Shutting down and abandoning module HeadMountedDisplay (172)
[2018.04.08-20.39.47:441][282]LogModuleManager: Shutting down and abandoning module XAudio2 (170)
[2018.04.08-20.39.47:441][282]LogModuleManager: Shutting down and abandoning module Networking (168)
[2018.04.08-20.39.47:441][282]LogModuleManager: Shutting down and abandoning module Core (164)
[2018.04.08-20.39.47:441][282]LogModuleManager: Shutting down and abandoning module AssetRegistry (162)
[2018.04.08-20.39.47:619][282]LogDirectoryWatcher: A directory notification for '../../../Engine/Content/' was aborted.
[2018.04.08-20.39.47:619][282]LogDirectoryWatcher: A directory notification for '../../../../../../Users/Archie/Documents/Unreal Projects/GitRazDaz/RazzleDazzle/Content/' was aborted.
[2018.04.08-20.39.47:619][282]LogDirectoryWatcher: A directory notification for '../../../Engine/Plugins/2D/Paper2D/Content/' was aborted.
[2018.04.08-20.39.47:619][282]LogDirectoryWatcher: A directory notification for '../../../Engine/Plugins/Runtime/GearVR/Content/' was aborted.
[2018.04.08-20.39.47:621][282]LogModuleManager: Shutting down and abandoning module DirectoryWatcher (161)
[2018.04.08-20.39.47:621][282]LogModuleManager: Shutting down and abandoning module KismetCompiler (158)
[2018.04.08-20.39.47:621][282]LogModuleManager: Shutting down and abandoning module LevelSequence (156)
[2018.04.08-20.39.47:621][282]LogModuleManager: Shutting down and abandoning module PhysXFormats (154)
[2018.04.08-20.39.47:621][282]LogModuleManager: Shutting down and abandoning module MeshUtilities (152)
[2018.04.08-20.39.47:621][282]LogModuleManager: Shutting down and abandoning module SimplygonSwarm (151)
[2018.04.08-20.39.47:621][282]LogModuleManager: Shutting down and abandoning module SimplygonMeshReduction (149)
[2018.04.08-20.39.47:621][282]LogModuleManager: Shutting down and abandoning module QuadricMeshReduction (147)
[2018.04.08-20.39.47:621][282]LogModuleManager: Shutting down and abandoning module DerivedDataCache (144)
[2018.04.08-20.39.47:692][282]LogDerivedDataCache: Shutdown
[2018.04.08-20.39.47:692][282]LogModuleManager: Shutting down and abandoning module TargetPlatform (142)
[2018.04.08-20.39.47:692][282]LogModuleManager: Shutting down and abandoning module VulkanShaderFormat (141)
[2018.04.08-20.39.47:692][282]LogModuleManager: Shutting down and abandoning module ShaderFormatVectorVM (139)
[2018.04.08-20.39.47:692][282]LogModuleManager: Shutting down and abandoning module ShaderFormatOpenGL (137)
[2018.04.08-20.39.47:692][282]LogModuleManager: Shutting down and abandoning module ShaderFormatD3D (135)
[2018.04.08-20.39.47:692][282]LogModuleManager: Shutting down and abandoning module MetalShaderFormat (133)
[2018.04.08-20.39.47:692][282]LogModuleManager: Shutting down and abandoning module TextureFormatUncompressed (131)
[2018.04.08-20.39.47:692][282]LogModuleManager: Shutting down and abandoning module TextureFormatPVR (129)
[2018.04.08-20.39.47:692][282]LogModuleManager: Shutting down and abandoning module TextureFormatDXT (127)
[2018.04.08-20.39.47:692][282]LogModuleManager: Shutting down and abandoning module TextureFormatIntelISPCTexComp (125)
[2018.04.08-20.39.47:692][282]LogModuleManager: Shutting down and abandoning module TextureFormatASTC (123)
[2018.04.08-20.39.47:692][282]LogModuleManager: Shutting down and abandoning module ImageWrapper (122)
[2018.04.08-20.39.47:692][282]LogModuleManager: Shutting down and abandoning module TextureFormatAndroid (119)
[2018.04.08-20.39.47:692][282]LogModuleManager: Shutting down and abandoning module AudioFormatOpus (117)
[2018.04.08-20.39.47:692][282]LogModuleManager: Shutting down and abandoning module AudioFormatOgg (115)
[2018.04.08-20.39.47:692][282]LogModuleManager: Shutting down and abandoning module AudioFormatADPCM (113)
[2018.04.08-20.39.47:692][282]LogModuleManager: Shutting down and abandoning module LinuxTargetPlatform (111)
[2018.04.08-20.39.47:692][282]LogModuleManager: Shutting down and abandoning module LinuxServerTargetPlatform (109)
[2018.04.08-20.39.47:692][282]LogModuleManager: Shutting down and abandoning module LinuxNoEditorTargetPlatform (107)
[2018.04.08-20.39.47:692][282]LogModuleManager: Shutting down and abandoning module LinuxClientTargetPlatform (105)
[2018.04.08-20.39.47:692][282]LogModuleManager: Shutting down and abandoning module TVOSTargetPlatform (103)
[2018.04.08-20.39.47:692][282]LogModuleManager: Shutting down and abandoning module Messaging (101)
[2018.04.08-20.39.47:693][282]LogModuleManager: Shutting down and abandoning module IOSTargetPlatform (99)
[2018.04.08-20.39.47:693][282]LogModuleManager: Shutting down and abandoning module HTML5TargetPlatform (97)
[2018.04.08-20.39.47:693][282]LogModuleManager: Shutting down and abandoning module Android_PVRTCTargetPlatform (95)
[2018.04.08-20.39.47:693][282]LogModuleManager: Shutting down and abandoning module Android_MultiTargetPlatform (93)
[2018.04.08-20.39.47:693][282]LogModuleManager: Shutting down and abandoning module Android_ETC2TargetPlatform (91)
[2018.04.08-20.39.47:693][282]LogModuleManager: Shutting down and abandoning module Android_ETC1TargetPlatform (89)
[2018.04.08-20.39.47:693][282]LogModuleManager: Shutting down and abandoning module Android_DXTTargetPlatform (87)
[2018.04.08-20.39.47:693][282]LogModuleManager: Shutting down and abandoning module Android_ATCTargetPlatform (85)
[2018.04.08-20.39.47:693][282]LogModuleManager: Shutting down and abandoning module Android_ASTCTargetPlatform (83)
[2018.04.08-20.39.47:693][282]LogModuleManager: Shutting down and abandoning module AndroidTargetPlatform (81)
[2018.04.08-20.39.47:693][282]LogModuleManager: Shutting down and abandoning module WindowsTargetPlatform (79)
[2018.04.08-20.39.47:693][282]LogModuleManager: Shutting down and abandoning module WindowsServerTargetPlatform (77)
[2018.04.08-20.39.47:693][282]LogModuleManager: Shutting down and abandoning module WindowsNoEditorTargetPlatform (75)
[2018.04.08-20.39.47:693][282]LogModuleManager: Shutting down and abandoning module WindowsClientTargetPlatform (73)
[2018.04.08-20.39.47:693][282]LogModuleManager: Shutting down and abandoning module MacTargetPlatform (71)
[2018.04.08-20.39.47:693][282]LogModuleManager: Shutting down and abandoning module MacServerTargetPlatform (69)
[2018.04.08-20.39.47:693][282]LogModuleManager: Shutting down and abandoning module MacNoEditorTargetPlatform (67)
[2018.04.08-20.39.47:693][282]LogModuleManager: Shutting down and abandoning module MacClientTargetPlatform (65)
[2018.04.08-20.39.47:693][282]LogModuleManager: Shutting down and abandoning module AllDesktopTargetPlatform (63)
[2018.04.08-20.39.47:693][282]LogModuleManager: Shutting down and abandoning module InputCore (60)
[2018.04.08-20.39.47:693][282]LogModuleManager: Shutting down and abandoning module Settings (58)
[2018.04.08-20.39.47:693][282]LogModuleManager: Shutting down and abandoning module OculusRift (56)
[2018.04.08-20.39.47:693][282]LogModuleManager: Shutting down and abandoning module GearVRController (54)
[2018.04.08-20.39.47:693][282]LogModuleManager: Shutting down and abandoning module GearVR (52)
[2018.04.08-20.39.47:693][282]LogModuleManager: Shutting down and abandoning module ExampleDeviceProfileSelector (50)
[2018.04.08-20.39.47:693][282]LogModuleManager: Shutting down and abandoning module OnlineBlueprintSupport (48)
[2018.04.08-20.39.47:693][282]LogModuleManager: Shutting down and abandoning module OnlineSubsystem (44)
[2018.04.08-20.39.47:693][282]LogOnline:Display: Unloading online subsystem: NULL
[2018.04.08-20.39.47:693][282]LogModuleManager: Shutting down and abandoning module XMPP (43)
[2018.04.08-20.39.47:693][282]LogModuleManager: Shutting down and abandoning module HTTP (41)
[2018.04.08-20.39.47:693][282]LogHttp:Display: Http module shutting down, but needs to wait on 1 outstanding Http requests:
[2018.04.08-20.39.47:693][282]LogHttp:Display: 	verb=[POST] url=[https://datarouter.ol.epicgames.com/datarouter/api/v1/public/data?SessionID=%7BB4B7030A-4549-DAA0-7050-838E02F3EBF5%7D&AppID=UEEditor.Rocket.Release&AppVersion=4.16.3-3561208%2B%2B%2BUE4%2BRelease-4.16&UserID=bbd07681419022fc08e7ca9fd118b303%7C4fef060a79df4dbd8d7184233fd4e966%7C437c87fd-9be2-4bd4-89e3-01ed2f2b430d&AppEnvironment=datacollector-binary&UploadType=eteventstream] status=Processing
[2018.04.08-20.39.47:722][282]LogModuleManager: Shutting down and abandoning module SSL (40)
[2018.04.08-20.39.47:723][282]LogModuleManager: Shutting down and abandoning module HTTPChunkInstaller (36)
[2018.04.08-20.39.47:723][282]LogModuleManager: Shutting down and abandoning module AnimationModifiers (34)
[2018.04.08-20.39.47:723][282]LogModuleManager: Shutting down and abandoning module PropertyEditor (33)
[2018.04.08-20.39.47:723][282]LogModuleManager: Shutting down and abandoning module AudioEditor (30)
[2018.04.08-20.39.47:723][282]LogModuleManager: Shutting down and abandoning module TextureCompressor (28)
[2018.04.08-20.39.47:723][282]LogModuleManager: Shutting down and abandoning module ShaderCore (26)
[2018.04.08-20.39.47:723][282]LogModuleManager: Shutting down and abandoning module Landscape (24)
[2018.04.08-20.39.47:723][282]LogModuleManager: Shutting down and abandoning module SlateRHIRenderer (22)
[2018.04.08-20.39.47:724][282]LogModuleManager: Shutting down and abandoning module OpenGLDrv (20)
[2018.04.08-20.39.47:724][282]LogModuleManager: Shutting down and abandoning module D3D11RHI (18)
[2018.04.08-20.39.47:724][282]LogModuleManager: Shutting down and abandoning module AnimGraphRuntime (16)
[2018.04.08-20.39.47:724][282]LogModuleManager: Shutting down and abandoning module Renderer (14)
[2018.04.08-20.39.47:724][282]LogModuleManager: Shutting down and abandoning module Engine (12)
[2018.04.08-20.39.47:724][282]LogModuleManager: Shutting down and abandoning module CoreUObject (10)
[2018.04.08-20.39.47:724][282]LogModuleManager: Shutting down and abandoning module NetworkFile (8)
[2018.04.08-20.39.47:724][282]LogModuleManager: Shutting down and abandoning module StreamingFile (6)
[2018.04.08-20.39.47:724][282]LogModuleManager: Shutting down and abandoning module SandboxFile (4)
[2018.04.08-20.39.47:724][282]LogModuleManager: Shutting down and abandoning module PakFile (2)
[2018.04.08-20.39.47:725][282]LogExit: Exiting.
[2018.04.08-20.39.47:732][282]Log file closed, 04/08/18 21:39:47
